C:\WORK\VC\TUTORIAL\TUTORIAL\DEBUG\TUTORIAL.PCH
C:\WORK\VC\TUTORIAL\TUTORIAL\DEBUG\STDAFX.OBJ
C:\WORK\VC\TUTORIAL\TUTORIAL\DEBUG\VC110.PDB
C:\WORK\VC\TUTORIAL\TUTORIAL\DEBUG\TUTORIAL.OBJ
C:\WORK\VC\TUTORIAL\TUTORIAL\DEBUG\CIRCLERADIUSCONTROLS.OBJ
C:\WORK\VC\TUTORIAL\TUTORIAL\DEBUG\TUTORIALDLG.OBJ
C:\WORK\VC\TUTORIAL\DEBUG\TUTORIAL.ILK
C:\WORK\VC\TUTORIAL\DEBUG\TUTORIAL.EXE
C:\WORK\VC\TUTORIAL\DEBUG\TUTORIAL.PDB
C:\WORK\VC\TUTORIAL\TUTORIAL\DEBUG\TUTORIAL.RES
C:\Work\VC\Tutorial\Tutorial\Debug\CircleRadiusControls.obj
C:\Work\VC\Tutorial\Tutorial\Debug\stdafx.obj
C:\Work\VC\Tutorial\Tutorial\Debug\Tutorial.obj
C:\Work\VC\Tutorial\Tutorial\Debug\TutorialDlg.obj
C:\Work\VC\Tutorial\Tutorial\Debug\cl.command.1.tlog
C:\Work\VC\Tutorial\Tutorial\Debug\CL.read.1.tlog
C:\Work\VC\Tutorial\Tutorial\Debug\CL.write.1.tlog
C:\Work\VC\Tutorial\Tutorial\Debug\link-cvtres.read.1.tlog
C:\Work\VC\Tutorial\Tutorial\Debug\link-cvtres.write.1.tlog
C:\Work\VC\Tutorial\Tutorial\Debug\link-mt.read.1.tlog
C:\Work\VC\Tutorial\Tutorial\Debug\link-mt.write.1.tlog
C:\Work\VC\Tutorial\Tutorial\Debug\link-rc.read.1.tlog
C:\Work\VC\Tutorial\Tutorial\Debug\link-rc.write.1.tlog
C:\Work\VC\Tutorial\Tutorial\Debug\link.1548-cvtres.read.1.tlog
C:\Work\VC\Tutorial\Tutorial\Debug\link.1548-cvtres.write.1.tlog
C:\Work\VC\Tutorial\Tutorial\Debug\link.1548-mt.read.1.tlog
C:\Work\VC\Tutorial\Tutorial\Debug\link.1548-mt.write.1.tlog
C:\Work\VC\Tutorial\Tutorial\Debug\link.1548-rc.read.1.tlog
C:\Work\VC\Tutorial\Tutorial\Debug\link.1548-rc.write.1.tlog
C:\Work\VC\Tutorial\Tutorial\Debug\link.1548.read.1.tlog
C:\Work\VC\Tutorial\Tutorial\Debug\link.1548.write.1.tlog
C:\Work\VC\Tutorial\Tutorial\Debug\link.7060-cvtres.read.1.tlog
C:\Work\VC\Tutorial\Tutorial\Debug\link.7060-cvtres.write.1.tlog
C:\Work\VC\Tutorial\Tutorial\Debug\link.7060-mt.read.1.tlog
C:\Work\VC\Tutorial\Tutorial\Debug\link.7060-mt.write.1.tlog
C:\Work\VC\Tutorial\Tutorial\Debug\link.7060-rc.read.1.tlog
C:\Work\VC\Tutorial\Tutorial\Debug\link.7060-rc.write.1.tlog
C:\Work\VC\Tutorial\Tutorial\Debug\link.7060.read.1.tlog
C:\Work\VC\Tutorial\Tutorial\Debug\link.7060.write.1.tlog
C:\Work\VC\Tutorial\Tutorial\Debug\link.command.1.tlog
C:\Work\VC\Tutorial\Tutorial\Debug\link.read.1.tlog
C:\Work\VC\Tutorial\Tutorial\Debug\link.write.1.tlog
C:\Work\VC\Tutorial\Tutorial\Debug\rc.command.1.tlog
C:\Work\VC\Tutorial\Tutorial\Debug\rc.read.1.tlog
C:\Work\VC\Tutorial\Tutorial\Debug\rc.write.1.tlog
C:\Work\VC\Tutorial\Tutorial\Debug\Tutorial.res
C:\Work\VC\Tutorial\Tutorial\Debug\Tutorial.pch
C:\Work\VC\Tutorial\Tutorial\Debug\vc110.idb
C:\Work\VC\Tutorial\Tutorial\Debug\vc110.pdb
C:\Work\VC\Tutorial\Debug\Tutorial.pdb
C:\Work\VC\Tutorial\Debug\Tutorial.exe
C:\Work\VC\Tutorial\Debug\Tutorial.ilk
